Arguments: 
  /Users/20061526/.nvm/versions/node/v16.15.0/bin/node /usr/local/bin/yarn

PATH: 
  /Users/20061526/.nvm/versions/node/v16.15.0/bin:/usr/local/bin:/System/Cryptexes/App/usr/bin:/usr/bin:/bin:/usr/sbin:/sbin:/Users/20061526/WebstormProjects/proof-of-concept/node_modules/.bin:/usr/local/bin

Yarn version: 
  1.22.18

Node version: 
  16.15.0

Platform: 
  darwin x64

Trace: 
  Error: self signed certificate in certificate chain
      at TLSSocket.onConnectSecure (node:_tls_wrap:1532:34)
      at TLSSocket.emit (node:events:527:28)
      at TLSSocket._finishInit (node:_tls_wrap:946:8)
      at TLSWrap.ssl.onhandshakedone (node:_tls_wrap:727:12)

npm manifest: 
  {
    "name": "proof-of-concept",
    "version": "1.0.0",
    "author": "Olovyannikov Ilya",
    "license": "MIT",
    "scripts": {
      "pre-commit": "cd server && npm run pre-commit && cd ../client && npm run pre-commit",
      "install-dependencies": "npm install && cd server && npm install && cd ../client && npm install",
      "build": "cd server && npm run build && cd ../client && npm run build",
      "start:production": "cd server && npm run start:production && cd ../client && npm run start:production"
    },
    "devDependencies": {
      "husky": "^8.0.3"
    },
    "husky": {
      "hooks": {
        "pre-commit": "npm run pre-commit"
      }
    },
    "dependencies": {}
  }

yarn manifest: 
  No manifest

Lockfile: 
  No lockfile
